


ARM Macro Assembler    Page 1 


    1 00000000         ;****************** main.s ***************
    2 00000000         ; Program written by: Jeremy Mattson
    3 00000000         ; Date Created: 1/15/2017 
    4 00000000         ; Last Modified: 2/26/2017 
    5 00000000         ; Brief description of the program
    6 00000000         ; The objective of this system is to implement a Car doo
                       r signal system
    7 00000000         ; Hardware connections: Inputs are negative logic; outpu
                       t is positive logic
    8 00000000         ;  PF0 is right-door input sensor (1 means door is open,
                        0 means door is closed)
    9 00000000         ;  PF4 is left-door input sensor (1 means door is open, 
                       0 means door is closed)
   10 00000000         ;  PF3 is Safe (Green) LED signal - ON when both doors a
                       re closed, otherwise OFF
   11 00000000         ;  PF1 is Unsafe (Red) LED signal - ON when either (or b
                       oth) doors are open, otherwise OFF
   12 00000000         ; The specific operation of this system 
   13 00000000         ;   Turn Unsafe LED signal ON if any or both doors are o
                       pen, otherwise turn the Safe LED signal ON
   14 00000000         ;   Only one of the two LEDs must be ON at any time.
   15 00000000         ; NOTE: Do not use any conditional branches in your solu
                       tion. 
   16 00000000         ;       We want you to think of the solution in terms of
                        logical and shift operations
   17 00000000         
   18 00000000 400253FC 
                       GPIO_PORTF_DATA_R
                               EQU              0x400253FC
   19 00000000 40025400 
                       GPIO_PORTF_DIR_R
                               EQU              0x40025400
   20 00000000 40025420 
                       GPIO_PORTF_AFSEL_R
                               EQU              0x40025420
   21 00000000 40025510 
                       GPIO_PORTF_PUR_R
                               EQU              0x40025510
   22 00000000 4002551C 
                       GPIO_PORTF_DEN_R
                               EQU              0x4002551C
   23 00000000 40025520 
                       GPIO_PORTF_LOCK_R
                               EQU              0x40025520
   24 00000000 40025524 
                       GPIO_PORTF_CR_R
                               EQU              0x40025524
   25 00000000 40025528 
                       GPIO_PORTF_AMSEL_R
                               EQU              0x40025528
   26 00000000 4002552C 
                       GPIO_PORTF_PCTL_R
                               EQU              0x4002552C
   27 00000000 4C4F434B 
                       GPIO_LOCK_KEY
                               EQU              0x4C4F434B  ; Unlocks the GPIO_
                                                            CR register
   28 00000000 400FE608 
                       SYSCTL_RCGCGPIO_R



ARM Macro Assembler    Page 2 


                               EQU              0x400FE608
   29 00000000                 THUMB
   30 00000000                 AREA             DATA, ALIGN=2
   31 00000000         ;global variables go here
   32 00000000                 ALIGN
   33 00000000                 AREA             |.text|, CODE, READONLY, ALIGN=
2
   34 00000000                 EXPORT           Start
   35 00000000         Start
   36 00000000 481B            LDR              R0, =SYSCTL_RCGCGPIO_R 
                                                            ;get clock address
   37 00000002 F04F 0120       MOV              R1, #0x20
   38 00000006 6001            STR              R1, [R0]    ; turn on F Clock
   39 00000008 F04F 0A00       LDR              R10, =0x0   ;wait..
   40 0000000C F04F 0A00       LDR              R10, =0x0   ;wait..
   41 00000010 4818            LDR              R0, =GPIO_PORTF_LOCK_R 
                                                            ;get lock address
   42 00000012 4919            LDR              R1, =GPIO_LOCK_KEY 
                                                            ;get unlock key
   43 00000014 6801            LDR              R1, [R0]    ;Unlock 
   44 00000016         
   45 00000016 4819            LDR              R0, =GPIO_PORTF_CR_R
   46 00000018 F04F 011F       MOV              R1, #0x1F   ; allow changes to 
                                                            PF4-0
   47 0000001C 7001            STRB             R1, [R0]
   48 0000001E         
   49 0000001E 4818            LDR              R0, =GPIO_PORTF_AMSEL_R
   50 00000020 F04F 0100       MOV              R1, #0x00   ; disable analog fu
                                                            nction
   51 00000024 7001            STRB             R1, [R0]
   52 00000026         
   53 00000026 4817            LDR              R0, =GPIO_PORTF_PCTL_R
   54 00000028 F04F 0100       MOV              R1, #0x00   ; GPIO clear bit PC
                                                            TL
   55 0000002C 6001            STR              R1, [R0]
   56 0000002E         
   57 0000002E 4816            LDR              R0, =GPIO_PORTF_DIR_R
   58 00000030 F04F 011F       MOV              R1, #0x1F   ;PF4, PF0 input
   59 00000034 7001            STRB             R1, [R0]    ;and PF3, 2, 1 outp
                                                            ut
   60 00000036         
   61 00000036 4815            LDR              R0, =GPIO_PORTF_AFSEL_R
   62 00000038 F04F 0100       MOV              R1, #0x00   ; no alternate func
                                                            tion
   63 0000003C 7001            STRB             R1, [R0]    ; 
   64 0000003E         
   65 0000003E 4814            LDR              R0, =GPIO_PORTF_PUR_R
   66 00000040 F04F 0111       MOV              R1, #0x11   ; enable pullup res
                                                            istors on PF4, PF0
   67 00000044 7001            STRB             R1, [R0]
   68 00000046         
   69 00000046 4813            LDR              R0, =GPIO_PORTF_DEN_R
   70 00000048 F04F 011F       MOV              R1, #0x1F   ; enable digital pi
                                                            ns PF4-PF0
   71 0000004C 7001            STRB             R1, [R0]
   72 0000004E         
   73 0000004E 4812            LDR              R0, =GPIO_PORTF_DATA_R
   74 00000050 F04F 0708       MOV              R7, #0x08   ;GREEN LIGHT PF3
   75 00000054 F04F 0802       MOV              R8, #0x02   ;RED LIGHT PF2



ARM Macro Assembler    Page 3 


   76 00000058         
   77 00000058         loop
   78 00000058         
   79 00000058 6801            LDR              R1, [R0]
   80 0000005A         ;MOV R1, R1, LSR #2
   81 0000005A F001 0111       AND              R1, R1, #0x11 ; MASK with 10001
                                                            
   82 0000005E 2911            CMP              R1, #0x11   ;if doors open go t
                                                            o green
   83 00000060 D000            BEQ              green
   84 00000062 D101            BNE              red         ;else red
   85 00000064         
   86 00000064         
   87 00000064         
   88 00000064         green
   89 00000064 6007            STR              R7, [R0]    ;green light
   90 00000066 E7F7            B                loop
   91 00000068         
   92 00000068         red
   93 00000068 F8C0 8000       STR              R8, [R0]    ;red light
   94 0000006C E7F4            B                loop
   95 0000006E         
   96 0000006E 00 00           ALIGN                        ; make sure the end
                                                             of this section is
                                                             aligned
   97 00000070         
   98 00000070 400FE608 
              40025520 
              4C4F434B 
              40025524 
              40025528 
              4002552C 
              40025400 
              40025420 
              40025510 
              4002551C 
              400253FC         AREA             data1, DATA
   99 00000000         
  100 00000000         
  101 00000000         PF0
  102 00000000 00 00 00 
              00 00 00 
              00 00 00 
              00 00 00 
              00 00 00 
              00 00 00 
              00 00 00 
              00 00 00 
              00 00 00 
              00 00 00 
              00 00            %                32
  103 00000020                 ALIGN
  104 00000020         
  105 00000020         PF4
  106 00000020 00 00 00 
              00 00 00 
              00 00 00 
              00 00 00 
              00 00 00 



ARM Macro Assembler    Page 4 


              00 00 00 
              00 00 00 
              00 00 00 
              00 00 00 
              00 00 00 
              00 00            %                32
  107 00000040                 ALIGN
  108 00000040         
  109 00000040                 END                          ; end of file
Command Line: --debug --xref --diag_suppress=9931 --cpu=Cortex-M4.fp --apcs=int
erwork --depend=.\main.d -o.\main.o -IC:\Keil_v5\EE319Kware\Lab0_EE319K\RTE\_La
b0 -IC:\Keil_v5\ARM\PACK\ARM\CMSIS\5.0.0\CMSIS\Include -IC:\Keil_v5\ARM\PACK\Ke
il\LM4F_DFP\1.0.0\Device\Include --predefine="__EVAL SETA 1" --predefine="__UVI
SION_VERSION SETA 522" --predefine="_RTE_ SETA 1" --predefine="LM4F120 SETA 1" 
--list=.\main.lst main.s



ARM Macro Assembler    Page 1 Alphabetic symbol ordering
Relocatable symbols

DATA 00000000

Symbol: DATA
   Definitions
      At line 30 in file main.s
   Uses
      None
Comment: DATA unused
1 symbol



ARM Macro Assembler    Page 1 Alphabetic symbol ordering
Relocatable symbols

.text 00000000

Symbol: .text
   Definitions
      At line 33 in file main.s
   Uses
      None
Comment: .text unused
Start 00000000

Symbol: Start
   Definitions
      At line 35 in file main.s
   Uses
      At line 34 in file main.s
Comment: Start used once
green 00000064

Symbol: green
   Definitions
      At line 88 in file main.s
   Uses
      At line 83 in file main.s
Comment: green used once
loop 00000058

Symbol: loop
   Definitions
      At line 77 in file main.s
   Uses
      At line 90 in file main.s
      At line 94 in file main.s

red 00000068

Symbol: red
   Definitions
      At line 92 in file main.s
   Uses
      At line 84 in file main.s
Comment: red used once
5 symbols



ARM Macro Assembler    Page 1 Alphabetic symbol ordering
Relocatable symbols

PF0 00000000

Symbol: PF0
   Definitions
      At line 101 in file main.s
   Uses
      None
Comment: PF0 unused
PF4 00000020

Symbol: PF4
   Definitions
      At line 105 in file main.s
   Uses
      None
Comment: PF4 unused
data1 00000000

Symbol: data1
   Definitions
      At line 98 in file main.s
   Uses
      None
Comment: data1 unused
3 symbols



ARM Macro Assembler    Page 1 Alphabetic symbol ordering
Absolute symbols

GPIO_LOCK_KEY 4C4F434B

Symbol: GPIO_LOCK_KEY
   Definitions
      At line 27 in file main.s
   Uses
      At line 42 in file main.s
Comment: GPIO_LOCK_KEY used once
GPIO_PORTF_AFSEL_R 40025420

Symbol: GPIO_PORTF_AFSEL_R
   Definitions
      At line 20 in file main.s
   Uses
      At line 61 in file main.s
Comment: GPIO_PORTF_AFSEL_R used once
GPIO_PORTF_AMSEL_R 40025528

Symbol: GPIO_PORTF_AMSEL_R
   Definitions
      At line 25 in file main.s
   Uses
      At line 49 in file main.s
Comment: GPIO_PORTF_AMSEL_R used once
GPIO_PORTF_CR_R 40025524

Symbol: GPIO_PORTF_CR_R
   Definitions
      At line 24 in file main.s
   Uses
      At line 45 in file main.s
Comment: GPIO_PORTF_CR_R used once
GPIO_PORTF_DATA_R 400253FC

Symbol: GPIO_PORTF_DATA_R
   Definitions
      At line 18 in file main.s
   Uses
      At line 73 in file main.s
Comment: GPIO_PORTF_DATA_R used once
GPIO_PORTF_DEN_R 4002551C

Symbol: GPIO_PORTF_DEN_R
   Definitions
      At line 22 in file main.s
   Uses
      At line 69 in file main.s
Comment: GPIO_PORTF_DEN_R used once
GPIO_PORTF_DIR_R 40025400

Symbol: GPIO_PORTF_DIR_R
   Definitions
      At line 19 in file main.s
   Uses
      At line 57 in file main.s
Comment: GPIO_PORTF_DIR_R used once
GPIO_PORTF_LOCK_R 40025520

Symbol: GPIO_PORTF_LOCK_R



ARM Macro Assembler    Page 2 Alphabetic symbol ordering
Absolute symbols

   Definitions
      At line 23 in file main.s
   Uses
      At line 41 in file main.s
Comment: GPIO_PORTF_LOCK_R used once
GPIO_PORTF_PCTL_R 4002552C

Symbol: GPIO_PORTF_PCTL_R
   Definitions
      At line 26 in file main.s
   Uses
      At line 53 in file main.s
Comment: GPIO_PORTF_PCTL_R used once
GPIO_PORTF_PUR_R 40025510

Symbol: GPIO_PORTF_PUR_R
   Definitions
      At line 21 in file main.s
   Uses
      At line 65 in file main.s
Comment: GPIO_PORTF_PUR_R used once
SYSCTL_RCGCGPIO_R 400FE608

Symbol: SYSCTL_RCGCGPIO_R
   Definitions
      At line 28 in file main.s
   Uses
      At line 36 in file main.s
Comment: SYSCTL_RCGCGPIO_R used once
11 symbols
357 symbols in table
